{"/Users/daniltkacenko/react_kamasutra/nativka/src/App.tsx": {"path":"/Users/daniltkacenko/react_kamasutra/nativka/src/App.tsx","statementMap":{"0":{"start":{"line":6,"column":0},"end":{"line":6,"column":7}},"1":{"start":{"line":7,"column":2},"end":{"line":12,"column":4}}},"fnMap":{"0":{"name":"App","decl":{"start":{"line":5,"column":9},"end":{"line":5,"column":12}},"loc":{"start":{"line":5,"column":15},"end":{"line":13,"column":1}},"line":5}},"branchMap":{},"s":{"0":0,"1":0},"f":{"0":0},"b":{}}
,"/Users/daniltkacenko/react_kamasutra/nativka/src/index.tsx": {"path":"/Users/daniltkacenko/react_kamasutra/nativka/src/index.tsx","statementMap":{"0":{"start":{"line":7,"column":13},"end":{"line":9,"column":1}},"1":{"start":{"line":10,"column":0},"end":{"line":14,"column":2}},"2":{"start":{"line":19,"column":0},"end":{"line":19,"column":18}}},"fnMap":{},"branchMap":{},"s":{"0":0,"1":0,"2":0},"f":{},"b":{}}
,"/Users/daniltkacenko/react_kamasutra/nativka/src/reportWebVitals.ts": {"path":"/Users/daniltkacenko/react_kamasutra/nativka/src/reportWebVitals.ts","statementMap":{"0":{"start":{"line":3,"column":24},"end":{"line":13,"column":1}},"1":{"start":{"line":4,"column":2},"end":{"line":12,"column":3}},"2":{"start":{"line":5,"column":4},"end":{"line":11,"column":7}},"3":{"start":{"line":6,"column":6},"end":{"line":6,"column":26}},"4":{"start":{"line":7,"column":6},"end":{"line":7,"column":26}},"5":{"start":{"line":8,"column":6},"end":{"line":8,"column":26}},"6":{"start":{"line":9,"column":6},"end":{"line":9,"column":26}},"7":{"start":{"line":10,"column":6},"end":{"line":10,"column":27}}},"fnMap":{"0":{"name":"(anonymous_0)","decl":{"start":{"line":3,"column":24},"end":{"line":3,"column":25}},"loc":{"start":{"line":3,"column":57},"end":{"line":13,"column":1}},"line":3},"1":{"name":"(anonymous_1)","decl":{"start":{"line":5,"column":30},"end":{"line":5,"column":31}},"loc":{"start":{"line":5,"column":79},"end":{"line":11,"column":5}},"line":5}},"branchMap":{"0":{"loc":{"start":{"line":4,"column":2},"end":{"line":12,"column":3}},"type":"if","locations":[{"start":{"line":4,"column":2},"end":{"line":12,"column":3}},{"start":{},"end":{}}],"line":4},"1":{"loc":{"start":{"line":4,"column":6},"end":{"line":4,"column":52}},"type":"binary-expr","locations":[{"start":{"line":4,"column":6},"end":{"line":4,"column":17}},{"start":{"line":4,"column":21},"end":{"line":4,"column":52}}],"line":4}},"s":{"0":0,"1":0,"2":0,"3":0,"4":0,"5":0,"6":0,"7":0},"f":{"0":0,"1":0},"b":{"0":[0,0],"1":[0,0]}}
,"/Users/daniltkacenko/react_kamasutra/nativka/src/01-hello-tests/01.ts": {"path":"/Users/daniltkacenko/react_kamasutra/nativka/src/01-hello-tests/01.ts","statementMap":{"0":{"start":{"line":1,"column":19},"end":{"line":1,"column":46}},"1":{"start":{"line":1,"column":43},"end":{"line":1,"column":46}},"2":{"start":{"line":2,"column":20},"end":{"line":2,"column":47}},"3":{"start":{"line":2,"column":44},"end":{"line":2,"column":47}},"4":{"start":{"line":4,"column":30},"end":{"line":12,"column":1}},"5":{"start":{"line":5,"column":18},"end":{"line":5,"column":51}},"6":{"start":{"line":7,"column":4},"end":{"line":11,"column":29}},"7":{"start":{"line":7,"column":31},"end":{"line":7,"column":51}},"8":{"start":{"line":8,"column":17},"end":{"line":11,"column":28}}},"fnMap":{"0":{"name":"(anonymous_0)","decl":{"start":{"line":1,"column":19},"end":{"line":1,"column":20}},"loc":{"start":{"line":1,"column":43},"end":{"line":1,"column":46}},"line":1},"1":{"name":"(anonymous_1)","decl":{"start":{"line":2,"column":20},"end":{"line":2,"column":21}},"loc":{"start":{"line":2,"column":44},"end":{"line":2,"column":47}},"line":2},"2":{"name":"(anonymous_2)","decl":{"start":{"line":4,"column":30},"end":{"line":4,"column":31}},"loc":{"start":{"line":4,"column":51},"end":{"line":12,"column":1}},"line":4},"3":{"name":"(anonymous_3)","decl":{"start":{"line":7,"column":26},"end":{"line":7,"column":27}},"loc":{"start":{"line":7,"column":31},"end":{"line":7,"column":51}},"line":7},"4":{"name":"(anonymous_4)","decl":{"start":{"line":8,"column":13},"end":{"line":8,"column":14}},"loc":{"start":{"line":8,"column":17},"end":{"line":11,"column":28}},"line":8}},"branchMap":{"0":{"loc":{"start":{"line":7,"column":31},"end":{"line":7,"column":51}},"type":"binary-expr","locations":[{"start":{"line":7,"column":31},"end":{"line":7,"column":38}},{"start":{"line":7,"column":42},"end":{"line":7,"column":51}}],"line":7}},"s":{"0":1,"1":2,"2":1,"3":2,"4":1,"5":2,"6":2,"7":7,"8":7},"f":{"0":2,"1":2,"2":2,"3":7,"4":7},"b":{"0":[7,7]},"_coverageSchema":"1a1c01bbd47fc00a2c39e90264f33305004495a9","hash":"97e19e5fe7c6a9d709816a72184d05920c9269a5"}
,"/Users/daniltkacenko/react_kamasutra/nativka/src/02-tests/02_01.ts": {"path":"/Users/daniltkacenko/react_kamasutra/nativka/src/02-tests/02_01.ts","statementMap":{"0":{"start":{"line":22,"column":35},"end":{"line":49,"column":1}},"1":{"start":{"line":51,"column":0},"end":{"line":51,"column":24}},"2":{"start":{"line":52,"column":0},"end":{"line":52,"column":25}},"3":{"start":{"line":53,"column":0},"end":{"line":53,"column":42}}},"fnMap":{},"branchMap":{},"s":{"0":0,"1":0,"2":0,"3":0},"f":{},"b":{}}
,"/Users/daniltkacenko/react_kamasutra/nativka/src/02-tests/02_02.ts": {"path":"/Users/daniltkacenko/react_kamasutra/nativka/src/02-tests/02_02.ts","statementMap":{},"fnMap":{},"branchMap":{},"s":{},"f":{},"b":{}}
,"/Users/daniltkacenko/react_kamasutra/nativka/src/03-tests/03_01.ts": {"path":"/Users/daniltkacenko/react_kamasutra/nativka/src/03-tests/03_01.ts","statementMap":{"0":{"start":{"line":3,"column":24},"end":{"line":8,"column":1}},"1":{"start":{"line":4,"column":4},"end":{"line":7,"column":6}},"2":{"start":{"line":11,"column":4},"end":{"line":11,"column":28}}},"fnMap":{"0":{"name":"(anonymous_0)","decl":{"start":{"line":3,"column":24},"end":{"line":3,"column":25}},"loc":{"start":{"line":3,"column":59},"end":{"line":8,"column":1}},"line":3},"1":{"name":"MakeBeActive","decl":{"start":{"line":10,"column":16},"end":{"line":10,"column":28}},"loc":{"start":{"line":10,"column":49},"end":{"line":12,"column":1}},"line":10}},"branchMap":{},"s":{"0":0,"1":0,"2":0},"f":{"0":0,"1":0},"b":{}}
}
